# JRE version: OpenJDK Runtime Environment Microsoft-8297089 (17.0.8.1+1) (build 17.0.8.1+1-LTS)
# Java VM: OpenJDK 64-Bit Server VM Microsoft-8297089 (17.0.8.1+1-LTS, mixed mode, sharing, tiered, compressed oops, compressed class ptrs, g1 gc, windows-amd64)
GC Precious Log:
 CPUs: 16 total, 16 available
 Memory: 7896M
 Large Page Support: Disabled
 NUMA Support: Disabled
 Compressed Oops: Enabled (32-bit)
 Heap Region Size: 1M
 Heap Min Capacity: 8M
 Heap Initial Capacity: 124M
 Heap Max Capacity: 2G
 Pre-touch: Disabled
 Parallel Workers: 13
 Concurrent Workers: 3
 Concurrent Refinement Workers: 13
 Periodic GC: Disabled
Heap:
 garbage-first heap   total 266240K, used 137899K [0x0000000080000000, 0x0000000100000000)
  region size 1024K, 29 young (29696K), 8 survivors (8192K)
 Metaspace       used 90293K, committed 91136K, reserved 557056K
  class space    used 12405K, committed 12800K, reserved 425984K
GC Heap History (20 events):
Event: 27.524 GC heap before
{Heap before GC invocations=35 (full 0):
 garbage-first heap   total 137216K, used 93913K [0x0000000080000000, 0x0000000100000000)
  region size 1024K, 22 young (22528K), 3 survivors (3072K)
 Metaspace       used 69196K, committed 69952K, reserved 491520K
  class space    used 9434K, committed 9792K, reserved 425984K
}
Event: 27.530 GC heap after
{Heap after GC invocations=36 (full 0):
 garbage-first heap   total 137216K, used 71550K [0x0000000080000000, 0x0000000100000000)
  region size 1024K, 3 young (3072K), 3 survivors (3072K)
 Metaspace       used 69196K, committed 69952K, reserved 491520K
  class space    used 9434K, committed 9792K, reserved 425984K
}
Event: 27.683 GC heap before
{Heap before GC invocations=36 (full 0):
 garbage-first heap   total 137216K, used 73598K [0x0000000080000000, 0x0000000100000000)
  region size 1024K, 6 young (6144K), 3 survivors (3072K)
 Metaspace       used 69589K, committed 70272K, reserved 491520K
  class space    used 9470K, committed 9792K, reserved 425984K
}
Event: 27.688 GC heap after
{Heap after GC invocations=37 (full 0):
 garbage-first heap   total 137216K, used 71142K [0x0000000080000000, 0x0000000100000000)
  region size 1024K, 1 young (1024K), 1 survivors (1024K)
 Metaspace       used 69589K, committed 70272K, reserved 491520K
  class space    used 9470K, committed 9792K, reserved 425984K
}
Event: 33.212 GC heap before
{Heap before GC invocations=37 (full 0):
 garbage-first heap   total 137216K, used 100838K [0x0000000080000000, 0x0000000100000000)
  region size 1024K, 31 young (31744K), 1 survivors (1024K)
 Metaspace       used 72405K, committed 73152K, reserved 491520K
  class space    used 9808K, committed 10176K, reserved 425984K
}
Event: 33.219 GC heap after
{Heap after GC invocations=38 (full 0):
 garbage-first heap   total 137216K, used 73046K [0x0000000080000000, 0x0000000100000000)
  region size 1024K, 3 young (3072K), 3 survivors (3072K)
 Metaspace       used 72405K, committed 73152K, reserved 491520K
  class space    used 9808K, committed 10176K, reserved 425984K
}
Event: 35.054 GC heap before
{Heap before GC invocations=39 (full 0):
 garbage-first heap   total 137216K, used 105814K [0x0000000080000000, 0x0000000100000000)
  region size 1024K, 34 young (34816K), 3 survivors (3072K)
 Metaspace       used 73578K, committed 74368K, reserved 491520K
  class space    used 10000K, committed 10368K, reserved 425984K
}
Event: 35.061 GC heap after
{Heap after GC invocations=40 (full 0):
 garbage-first heap   total 137216K, used 75024K [0x0000000080000000, 0x0000000100000000)
  region size 1024K, 5 young (5120K), 5 survivors (5120K)
 Metaspace       used 73578K, committed 74368K, reserved 491520K
  class space    used 10000K, committed 10368K, reserved 425984K
}
Event: 35.069 GC heap before
{Heap before GC invocations=40 (full 0):
 garbage-first heap   total 137216K, used 76048K [0x0000000080000000, 0x0000000100000000)
  region size 1024K, 6 young (6144K), 5 survivors (5120K)
 Metaspace       used 73578K, committed 74368K, reserved 491520K
  class space    used 10000K, committed 10368K, reserved 425984K
}
Event: 35.076 GC heap after
{Heap after GC invocations=41 (full 0):
 garbage-first heap   total 137216K, used 74999K [0x0000000080000000, 0x0000000100000000)
  region size 1024K, 1 young (1024K), 1 survivors (1024K)
 Metaspace       used 73578K, committed 74368K, reserved 491520K
  class space    used 10000K, committed 10368K, reserved 425984K
}
Event: 39.679 GC heap before
{Heap before GC invocations=41 (full 0):
 garbage-first heap   total 137216K, used 107767K [0x0000000080000000, 0x0000000100000000)
  region size 1024K, 33 young (33792K), 1 survivors (1024K)
 Metaspace       used 75360K, committed 76160K, reserved 557056K
  class space    used 10242K, committed 10624K, reserved 425984K
}
Event: 39.738 GC heap after
{Heap after GC invocations=42 (full 0):
 garbage-first heap   total 281600K, used 77895K [0x0000000080000000, 0x0000000100000000)
  region size 1024K, 4 young (4096K), 4 survivors (4096K)
 Metaspace       used 75360K, committed 76160K, reserved 557056K
  class space    used 10242K, committed 10624K, reserved 425984K
}
Event: 53.345 GC heap before
{Heap before GC invocations=43 (full 0):
 garbage-first heap   total 266240K, used 205895K [0x0000000080000000, 0x0000000100000000)
  region size 1024K, 124 young (126976K), 4 survivors (4096K)
 Metaspace       used 83605K, committed 84352K, reserved 557056K
  class space    used 11561K, committed 11904K, reserved 425984K
}
Event: 53.363 GC heap after
{Heap after GC invocations=44 (full 0):
 garbage-first heap   total 266240K, used 96590K [0x0000000080000000, 0x0000000100000000)
  region size 1024K, 16 young (16384K), 16 survivors (16384K)
 Metaspace       used 83605K, committed 84352K, reserved 557056K
  class space    used 11561K, committed 11904K, reserved 425984K
}
Event: 53.430 GC heap before
{Heap before GC invocations=44 (full 0):
 garbage-first heap   total 266240K, used 97614K [0x0000000080000000, 0x0000000100000000)
  region size 1024K, 17 young (17408K), 16 survivors (16384K)
 Metaspace       used 83790K, committed 84608K, reserved 557056K
  class space    used 11589K, committed 11968K, reserved 425984K
}
Event: 53.443 GC heap after
{Heap after GC invocations=45 (full 0):
 garbage-first heap   total 266240K, used 98147K [0x0000000080000000, 0x0000000100000000)
  region size 1024K, 2 young (2048K), 2 survivors (2048K)
 Metaspace       used 83790K, committed 84608K, reserved 557056K
  class space    used 11589K, committed 11968K, reserved 425984K
}
Event: 61.841 GC heap before
{Heap before GC invocations=45 (full 0):
 garbage-first heap   total 266240K, used 197475K [0x0000000080000000, 0x0000000100000000)
  region size 1024K, 100 young (102400K), 2 survivors (2048K)
 Metaspace       used 89477K, committed 90304K, reserved 557056K
  class space    used 12330K, committed 12736K, reserved 425984K
}
Event: 61.853 GC heap after
{Heap after GC invocations=46 (full 0):
 garbage-first heap   total 266240K, used 106738K [0x0000000080000000, 0x0000000100000000)
  region size 1024K, 11 young (11264K), 11 survivors (11264K)
 Metaspace       used 89477K, committed 90304K, reserved 557056K
  class space    used 12330K, committed 12736K, reserved 425984K
}
Event: 67.076 GC heap before
{Heap before GC invocations=46 (full 0):
 garbage-first heap   total 266240K, used 199922K [0x0000000080000000, 0x0000000100000000)
  region size 1024K, 103 young (105472K), 11 survivors (11264K)
 Metaspace       used 90287K, committed 91136K, reserved 557056K
  class space    used 12405K, committed 12800K, reserved 425984K
}
Event: 67.092 GC heap after
{Heap after GC invocations=47 (full 0):
 garbage-first heap   total 266240K, used 113323K [0x0000000080000000, 0x0000000100000000)
  region size 1024K, 8 young (8192K), 8 survivors (8192K)
 Metaspace       used 90287K, committed 91136K, reserved 557056K
  class space    used 12405K, committed 12800K, reserved 425984K
}

